15:49:40 **** Incremental Build of configuration Debug for project Exercise20 ****
make all 
Building file: ../src/main.cpp
Invoking: Cygwin C++ Compiler
g++ -O0 -g3 -Wall -c -fmessage-length=0 -MMD -MP -MF"src/main.d" -MT"src/main.d" -o "src/main.o" "../src/main.cpp"
../src/main.cpp: In function 'int main()':
../src/main.cpp:29:20: warning: comparison between signed and unsigned integer expressions [-Wsign-compare]
  for (int i = 0; i < names.size(); i++){
                    ^
../src/main.cpp:37:14: error: cannot convert '__gnu_cxx::__normal_iterator<std::basic_string<char>*, std::vector<std::basic_string<char> > >' to 'int*' in assignment
   nameFinder = find(names.begin(), names.end(), userName);
              ^
../src/main.cpp:38:18: error: no match for 'operator!=' (operand types are 'int*' and 'std::vector<std::basic_string<char> >::iterator {aka __gnu_cxx::__normal_iterator<std::basic_string<char>*, std::vector<std::basic_string<char> > >}')
   if (nameFinder != names.end()){
                  ^
In file included from /usr/lib/gcc/x86_64-pc-msys/5.3.0/include/c++/iosfwd:40:0,
                 from /usr/lib/gcc/x86_64-pc-msys/5.3.0/include/c++/ios:38,
                 from /usr/lib/gcc/x86_64-pc-msys/5.3.0/include/c++/ostream:38,
                 from /usr/lib/gcc/x86_64-pc-msys/5.3.0/include/c++/iostream:39,
                 from ../src/main.cpp:1:
/usr/lib/gcc/x86_64-pc-msys/5.3.0/include/c++/bits/postypes.h:221:5: note: candidate: template<class _StateT> bool std::operator!=(const std::fpos<_StateT>&, const std::fpos<_StateT>&)
     operator!=(const fpos<_StateT>& __lhs, const fpos<_StateT>& __rhs)
     ^
/usr/lib/gcc/x86_64-pc-msys/5.3.0/include/c++/bits/postypes.h:221:5: note:   template argument deduction/substitution failed:
../src/main.cpp:38:31: note:   mismatched types 'const std::fpos<_StateT>' and 'int*'
   if (nameFinder != names.end()){
                               ^
In file included from /usr/lib/gcc/x86_64-pc-msys/5.3.0/include/c++/bits/stl_algobase.h:64:0,
                 from /usr/lib/gcc/x86_64-pc-msys/5.3.0/include/c++/bits/char_traits.h:39,
                 from /usr/lib/gcc/x86_64-pc-msys/5.3.0/include/c++/ios:40,
                 from /usr/lib/gcc/x86_64-pc-msys/5.3.0/include/c++/ostream:38,
                 from /usr/lib/gcc/x86_64-pc-msys/5.3.0/include/c++/iostream:39,
                 from ../src/main.cpp:1:
/usr/lib/gcc/x86_64-pc-msys/5.3.0/include/c++/bits/stl_pair.h:227:5: note: candidate: template<class _T1, class _T2> bool std::operator!=(const std::pair<_T1, _T2>&, const std::pair<_T1, _T2>&)
     operator!=(const pair<_T1, _T2>& __x, const pair<_T1, _T2>& __y)
     ^
/usr/lib/gcc/x86_64-pc-msys/5.3.0/include/c++/bits/stl_pair.h:227:5: note:   template argument deduction/substitution failed:
../src/main.cpp:38:31: note:   mismatched types 'const std::pair<_T1, _T2>' and 'int*'
   if (nameFinder != names.end()){
                               ^
In file included from /usr/lib/gcc/x86_64-pc-msys/5.3.0/include/c++/bits/stl_algobase.h:67:0,
                 from /usr/lib/gcc/x86_64-pc-msys/5.3.0/include/c++/bits/char_traits.h:39,
                 from /usr/lib/gcc/x86_64-pc-msys/5.3.0/include/c++/ios:40,
                 from /usr/lib/gcc/x86_64-pc-msys/5.3.0/include/c++/ostream:38,
                 from /usr/lib/gcc/x86_64-pc-msys/5.3.0/include/c++/iostream:39,
                 from ../src/main.cpp:1:
/usr/lib/gcc/x86_64-pc-msys/5.3.0/include/c++/bits/stl_iterator.h:304:5: note: candidate: template<class _Iterator> bool std::operator!=(const std::reverse_iterator<_Iterator>&, const std::reverse_iterator<_Iterator>&)
     operator!=(const reverse_iterator<_Iterator>& __x,
     ^
/usr/lib/gcc/x86_64-pc-msys/5.3.0/include/c++/bits/stl_iterator.h:304:5: note:   template argument deduction/substitution failed:
../src/main.cpp:38:31: note:   mismatched types 'const std::reverse_iterator<_Iterator>' and 'int*'
   if (nameFinder != names.end()){
                               ^
In file included from /usr/lib/gcc/x86_64-pc-msys/5.3.0/include/c++/bits/stl_algobase.h:67:0,
                 from /usr/lib/gcc/x86_64-pc-msys/5.3.0/include/c++/bits/char_traits.h:39,
                 from /usr/lib/gcc/x86_64-pc-msys/5.3.0/include/c++/ios:40,
                 from /usr/lib/gcc/x86_64-pc-msys/5.3.0/include/c++/ostream:38,
                 from /usr/lib/gcc/x86_64-pc-msys/5.3.0/include/c++/iostream:39,
                 from ../src/main.cpp:1:
/usr/lib/gcc/x86_64-pc-msys/5.3.0/include/c++/bits/stl_iterator.h:354:5: note: candidate: template<class _IteratorL, class _IteratorR> bool std::operator!=(const std::reverse_iterator<_Iterator>&, const std::reverse_iterator<_IteratorR>&)
     operator!=(const reverse_iterator<_IteratorL>& __x,
     ^
/usr/lib/gcc/x86_64-pc-msys/5.3.0/include/c++/bits/stl_iterator.h:354:5: note:   template argument deduction/substitution failed:
../src/main.cpp:38:31: note:   mismatched types 'const std::reverse_iterator<_Iterator>' and 'int*'
   if (nameFinder != names.end()){
                               ^
In file included from /usr/lib/gcc/x86_64-pc-msys/5.3.0/include/c++/string:41:0,
                 from /usr/lib/gcc/x86_64-pc-msys/5.3.0/include/c++/bits/locale_classes.h:40,
                 from /usr/lib/gcc/x86_64-pc-msys/5.3.0/include/c++/bits/ios_base.h:41,
                 from /usr/lib/gcc/x86_64-pc-msys/5.3.0/include/c++/ios:42,
                 from /usr/lib/gcc/x86_64-pc-msys/5.3.0/include/c++/ostream:38,
                 from /usr/lib/gcc/x86_64-pc-msys/5.3.0/include/c++/iostream:39,
                 from ../src/main.cpp:1:
/usr/lib/gcc/x86_64-pc-msys/5.3.0/include/c++/bits/allocator.h:140:5: note: candidate: template<class _T1, class _T2> bool std::operator!=(const std::allocator<_CharT>&, const std::allocator<_T2>&)
     operator!=(const allocator<_T1>&, const allocator<_T2>&)
     ^
/usr/lib/gcc/x86_64-pc-msys/5.3.0/include/c++/bits/allocator.h:140:5: note:   template argument deduction/substitution failed:
../src/main.cpp:38:31: note:   mismatched types 'const std::allocator<_CharT>' and 'int*'
   if (nameFinder != names.end()){
                               ^
In file included from /usr/lib/gcc/x86_64-pc-msys/5.3.0/include/c++/string:41:0,
                 from /usr/lib/gcc/x86_64-pc-msys/5.3.0/include/c++/bits/locale_classes.h:40,
                 from /usr/lib/gcc/x86_64-pc-msys/5.3.0/include/c++/bits/ios_base.h:41,
                 from /usr/lib/gcc/x86_64-pc-msys/5.3.0/include/c++/ios:42,
                 from /usr/lib/gcc/x86_64-pc-msys/5.3.0/include/c++/ostream:38,
                 from /usr/lib/gcc/x86_64-pc-msys/5.3.0/include/c++/iostream:39,
                 from ../src/main.cpp:1:
/usr/lib/gcc/x86_64-pc-msys/5.3.0/include/c++/bits/allocator.h:146:5: note: candidate: template<class _Tp> bool std::operator!=(const std::allocator<_CharT>&, const std::allocator<_CharT>&)
     operator!=(const allocator<_Tp>&, const allocator<_Tp>&)
     ^
/usr/lib/gcc/x86_64-pc-msys/5.3.0/include/c++/bits/allocator.h:146:5: note:   template argument deduction/substitution failed:
../src/main.cpp:38:31: note:   mismatched types 'const std::allocator<_CharT>' and 'int*'
   if (nameFinder != names.end()){
                               ^
In file included from /usr/lib/gcc/x86_64-pc-msys/5.3.0/include/c++/string:52:0,
                 from /usr/lib/gcc/x86_64-pc-msys/5.3.0/include/c++/bits/locale_classes.h:40,
                 from /usr/lib/gcc/x86_64-pc-msys/5.3.0/include/c++/bits/ios_base.h:41,
                 from /usr/lib/gcc/x86_64-pc-msys/5.3.0/include/c++/ios:42,
                 from /usr/lib/gcc/x86_64-pc-msys/5.3.0/include/c++/ostream:38,
                 from /usr/lib/gcc/x86_64-pc-msys/5.3.0/include/c++/iostream:39,
                 from ../src/main.cpp:1:
/usr/lib/gcc/x86_64-pc-msys/5.3.0/include/c++/bits/basic_string.h:4952:5: note: candidate: template<class _CharT, class _Traits, class _Alloc> bool std::operator!=(const std::basic_string<_CharT, _Traits, _Alloc>&, const std::basic_string<_CharT, _Traits, _Alloc>&)
     operator!=(const basic_string<_CharT, _Traits, _Alloc>& __lhs,
     ^
/usr/lib/gcc/x86_64-pc-msys/5.3.0/include/c++/bits/basic_string.h:4952:5: note:   template argument deduction/substitution failed:
../src/main.cpp:38:31: note:   mismatched types 'const std::basic_string<_CharT, _Traits, _Alloc>' and 'int*'
   if (nameFinder != names.end()){
                               ^
In file included from /usr/lib/gcc/x86_64-pc-msys/5.3.0/include/c++/string:52:0,
                 from /usr/lib/gcc/x86_64-pc-msys/5.3.0/include/c++/bits/locale_classes.h:40,
                 from /usr/lib/gcc/x86_64-pc-msys/5.3.0/include/c++/bits/ios_base.h:41,
                 from /usr/lib/gcc/x86_64-pc-msys/5.3.0/include/c++/ios:42,
                 from /usr/lib/gcc/x86_64-pc-msys/5.3.0/include/c++/ostream:38,
                 from /usr/lib/gcc/x86_64-pc-msys/5.3.0/include/c++/iostream:39,
                 from ../src/main.cpp:1:
/usr/lib/gcc/x86_64-pc-msys/5.3.0/include/c++/bits/basic_string.h:4964:5: note: candidate: template<class _CharT, class _Traits, class _Alloc> bool std::operator!=(const _CharT*, const std::basic_string<_CharT, _Traits, _Alloc>&)
     operator!=(const _CharT* __lhs,
     ^
/usr/lib/gcc/x86_64-pc-msys/5.3.0/include/c++/bits/basic_string.h:4964:5: note:   template argument deduction/substitution failed:
../src/main.cpp:38:31: note:   'std::vector<std::basic_string<char> >::iterator {aka __gnu_cxx::__normal_iterator<std::basic_string<char>*, std::vector<std::basic_string<char> > >}' is not derived from 'const std::basic_string<_CharT, _Traits, _Alloc>'
   if (nameFinder != names.end()){
                               ^
In file included from /usr/lib/gcc/x86_64-pc-msys/5.3.0/include/c++/string:52:0,
                 from /usr/lib/gcc/x86_64-pc-msys/5.3.0/include/c++/bits/locale_classes.h:40,
                 from /usr/lib/gcc/x86_64-pc-msys/5.3.0/include/c++/bits/ios_base.h:41,
                 from /usr/lib/gcc/x86_64-pc-msys/5.3.0/include/c++/ios:42,
                 from /usr/lib/gcc/x86_64-pc-msys/5.3.0/include/c++/ostream:38,
                 from /usr/lib/gcc/x86_64-pc-msys/5.3.0/include/c++/iostream:39,
                 from ../src/main.cpp:1:
/usr/lib/gcc/x86_64-pc-msys/5.3.0/include/c++/bits/basic_string.h:4976:5: note: candidate: template<class _CharT, class _Traits, class _Alloc> bool std::operator!=(const std::basic_string<_CharT, _Traits, _Alloc>&, const _CharT*)
     operator!=(const basic_string<_CharT, _Traits, _Alloc>& __lhs,
     ^
/usr/lib/gcc/x86_64-pc-msys/5.3.0/include/c++/bits/basic_string.h:4976:5: note:   template argument deduction/substitution failed:
../src/main.cpp:38:31: note:   mismatched types 'const std::basic_string<_CharT, _Traits, _Alloc>' and 'int*'
   if (nameFinder != names.end()){
                               ^
In file included from /usr/lib/gcc/x86_64-pc-msys/5.3.0/include/c++/bits/locale_facets.h:48:0,
                 from /usr/lib/gcc/x86_64-pc-msys/5.3.0/include/c++/bits/basic_ios.h:37,
                 from /usr/lib/gcc/x86_64-pc-msys/5.3.0/include/c++/ios:44,
                 from /usr/lib/gcc/x86_64-pc-msys/5.3.0/include/c++/ostream:38,
                 from /usr/lib/gcc/x86_64-pc-msys/5.3.0/include/c++/iostream:39,
                 from ../src/main.cpp:1:
/usr/lib/gcc/x86_64-pc-msys/5.3.0/include/c++/bits/streambuf_iterator.h:210:5: note: candidate: template<class _CharT, class _Traits> bool std::operator!=(const std::istreambuf_iterator<_CharT, _Traits>&, const std::istreambuf_iterator<_CharT, _Traits>&)
     operator!=(const istreambuf_iterator<_CharT, _Traits>& __a,
     ^
/usr/lib/gcc/x86_64-pc-msys/5.3.0/include/c++/bits/streambuf_iterator.h:210:5: note:   template argument deduction/substitution failed:
../src/main.cpp:38:31: note:   mismatched types 'const std::istreambuf_iterator<_CharT, _Traits>' and 'int*'
   if (nameFinder != names.end()){
                               ^
In file included from /usr/lib/gcc/x86_64-pc-msys/5.3.0/include/c++/vector:64:0,
                 from ../src/main.cpp:2:
/usr/lib/gcc/x86_64-pc-msys/5.3.0/include/c++/bits/stl_vector.h:1535:5: note: candidate: template<class _Tp, class _Alloc> bool std::operator!=(const std::vector<_Tp, _Alloc>&, const std::vector<_Tp, _Alloc>&)
     operator!=(const vector<_Tp, _Alloc>& __x, const vector<_Tp, _Alloc>& __y)
     ^
/usr/lib/gcc/x86_64-pc-msys/5.3.0/include/c++/bits/stl_vector.h:1535:5: note:   template argument deduction/substitution failed:
../src/main.cpp:38:31: note:   mismatched types 'const std::vector<_Tp, _Alloc>' and 'int*'
   if (nameFinder != names.end()){
                               ^
In file included from /usr/lib/gcc/x86_64-pc-msys/5.3.0/include/c++/x86_64-pc-msys/bits/c++allocator.h:33:0,
                 from /usr/lib/gcc/x86_64-pc-msys/5.3.0/include/c++/bits/allocator.h:46,
                 from /usr/lib/gcc/x86_64-pc-msys/5.3.0/include/c++/string:41,
                 from /usr/lib/gcc/x86_64-pc-msys/5.3.0/include/c++/bits/locale_classes.h:40,
                 from /usr/lib/gcc/x86_64-pc-msys/5.3.0/include/c++/bits/ios_base.h:41,
                 from /usr/lib/gcc/x86_64-pc-msys/5.3.0/include/c++/ios:42,
                 from /usr/lib/gcc/x86_64-pc-msys/5.3.0/include/c++/ostream:38,
                 from /usr/lib/gcc/x86_64-pc-msys/5.3.0/include/c++/iostream:39,
                 from ../src/main.cpp:1:
/usr/lib/gcc/x86_64-pc-msys/5.3.0/include/c++/ext/new_allocator.h:144:5: note: candidate: template<class _Tp> bool __gnu_cxx::operator!=(const __gnu_cxx::new_allocator<_Tp>&, const __gnu_cxx::new_allocator<_Tp>&)
     operator!=(const new_allocator<_Tp>&, const new_allocator<_Tp>&)
     ^
/usr/lib/gcc/x86_64-pc-msys/5.3.0/include/c++/ext/new_allocator.h:144:5: note:   template argument deduction/substitution failed:
../src/main.cpp:38:31: note:   mismatched types 'const __gnu_cxx::new_allocator<_Tp>' and 'int*'
   if (nameFinder != names.end()){
                               ^
In file included from /usr/lib/gcc/x86_64-pc-msys/5.3.0/include/c++/bits/stl_algobase.h:67:0,
                 from /usr/lib/gcc/x86_64-pc-msys/5.3.0/include/c++/bits/char_traits.h:39,
                 from /usr/lib/gcc/x86_64-pc-msys/5.3.0/include/c++/ios:40,
                 from /usr/lib/gcc/x86_64-pc-msys/5.3.0/include/c++/ostream:38,
                 from /usr/lib/gcc/x86_64-pc-msys/5.3.0/include/c++/iostream:39,
                 from ../src/main.cpp:1:
/usr/lib/gcc/x86_64-pc-msys/5.3.0/include/c++/bits/stl_iterator.h:841:5: note: candidate: template<class _Iterator, class _Container> bool __gnu_cxx::operator!=(const __gnu_cxx::__normal_iterator<_Iterator, _Container>&, const __gnu_cxx::__normal_iterator<_Iterator, _Container>&)
     operator!=(const __normal_iterator<_Iterator, _Container>& __lhs,
     ^
/usr/lib/gcc/x86_64-pc-msys/5.3.0/include/c++/bits/stl_iterator.h:841:5: note:   template argument deduction/substitution failed:
../src/main.cpp:38:31: note:   mismatched types 'const __gnu_cxx::__normal_iterator<_Iterator, _Container>' and 'int*'
   if (nameFinder != names.end()){
                               ^
In file included from /usr/lib/gcc/x86_64-pc-msys/5.3.0/include/c++/bits/stl_algobase.h:67:0,
                 from /usr/lib/gcc/x86_64-pc-msys/5.3.0/include/c++/bits/char_traits.h:39,
                 from /usr/lib/gcc/x86_64-pc-msys/5.3.0/include/c++/ios:40,
                 from /usr/lib/gcc/x86_64-pc-msys/5.3.0/include/c++/ostream:38,
                 from /usr/lib/gcc/x86_64-pc-msys/5.3.0/include/c++/iostream:39,
                 from ../src/main.cpp:1:
/usr/lib/gcc/x86_64-pc-msys/5.3.0/include/c++/bits/stl_iterator.h:834:5: note: candidate: template<class _IteratorL, class _IteratorR, class _Container> bool __gnu_cxx::operator!=(const __gnu_cxx::__normal_iterator<_IteratorL, _Container>&, const __gnu_cxx::__normal_iterator<_IteratorR, _Container>&)
     operator!=(const __normal_iterator<_IteratorL, _Container>& __lhs,
     ^
/usr/lib/gcc/x86_64-pc-msys/5.3.0/include/c++/bits/stl_iterator.h:834:5: note:   template argument deduction/substitution failed:
../src/main.cpp:38:31: note:   mismatched types 'const __gnu_cxx::__normal_iterator<_IteratorL, _Container>' and 'int*'
   if (nameFinder != names.end()){
                               ^
make: *** [src/subdir.mk:20: src/main.o] Error 1

15:49:42 Build Finished (took 2s.116ms)

